<?xml version="1.0" encoding="UTF-8"?>
<testsuite xmlns:xsi="http://www.w3.org/2001/XMLSchema-instance" xsi:noNamespaceSchemaLocation="https://maven.apache.org/surefire/maven-surefire-plugin/xsd/surefire-test-report-3.0.xsd" version="3.0" name="cucumber.RunCucumberTest" time="2.192" tests="11" errors="0" skipped="0" failures="0">
  <properties>
[...]
</properties>
  <testcase name="Example #1.1" classname="Examples" time="0.95">
    <system-out><![CDATA[
Scenario Outline: Users with empty or null field name cannot be allowed into the success page. &amp#27;[90m# cucumber/RegisterActionAccess.feature:15&amp#27;[0m
  &amp#27;[32mGiven &amp#27;[0m&amp#27;[32mI want to access the success page&amp#27;[0m                                                      &amp#27;[90m# cucumber.stepdefs.RegisterActionStepDefs.i_want_to_acess_the_success_page()&amp#27;[0m
  &amp#27;[32mAnd &amp#27;[0m&amp#27;[32mToday is &amp#27;[0m&amp#27;[32m&amp#27;[1m"29/02/2004"&amp#27;[0m                                                                    &amp#27;[90m# cucumber.stepdefs.RegisterActionStepDefs.today_is(java.lang.String)&amp#27;[0m
  &amp#27;[32mWhen &amp#27;[0m&amp#27;[32mI input my name &amp#27;[0m&amp#27;[32m&amp#27;[1m""&amp#27;[0m                                                                      &amp#27;[90m# cucumber.stepdefs.RegisterActionStepDefs.i_input_my(java.lang.String)&amp#27;[0m
  &amp#27;[32mAnd &amp#27;[0m&amp#27;[32mI input my Birthdate &amp#27;[0m&amp#27;[32m&amp#27;[1m"24/05/2010"&amp#27;[0m                                                        &amp#27;[90m# cucumber.stepdefs.RegisterActionStepDefs.i_input_my_birthdate(java.lang.String)&amp#27;[0m
  &amp#27;[32mAnd &amp#27;[0m&amp#27;[32mI click the submit button&amp#27;[0m                                                                &amp#27;[90m# cucumber.stepdefs.RegisterActionStepDefs.i_click_the_submit_button()&amp#27;[0m
  &amp#27;[32mThen &amp#27;[0m&amp#27;[32mMy access request will be &amp#27;[0m&amp#27;[32m&amp#27;[1m"Denied"&amp#27;[0m                                                      &amp#27;[90m# cucumber.stepdefs.RegisterActionStepDefs.my_acess_request_will_be(java.lang.String)&amp#27;[0m
  &amp#27;[32mAnd &amp#27;[0m&amp#27;[32mI will be shown the error message: &amp#27;[0m&amp#27;[32m&amp#27;[1m"Please enter a valid Name!"&amp#27;[0m                          &amp#27;[90m# cucumber.stepdefs.RegisterActionStepDefs.i_will_be_shown_the_error_message(java.lang.String)&amp#27;[0m
]]></system-out>
    <system-err><![CDATA[ERROR StatusLogger Log4j2 could not find a logging implementation. Please add log4j-core to the classpath. Using SimpleLogger to log to the console...
]]></system-err>
  </testcase>
  <testcase name="Example #1.1" classname="Examples" time="0.122">
    <system-out><![CDATA[
Scenario Outline: Users with invalid dates such as 30/02/2023, 01/13/2023 cannot be allowed into the success page. &amp#27;[90m# cucumber/RegisterActionAccess.feature:29&amp#27;[0m
  &amp#27;[32mGiven &amp#27;[0m&amp#27;[32mI want to access the success page&amp#27;[0m                                                                          &amp#27;[90m# cucumber.stepdefs.RegisterActionStepDefs.i_want_to_acess_the_success_page()&amp#27;[0m
  &amp#27;[32mAnd &amp#27;[0m&amp#27;[32mToday is &amp#27;[0m&amp#27;[32m&amp#27;[1m"29/02/2004"&amp#27;[0m                                                                                        &amp#27;[90m# cucumber.stepdefs.RegisterActionStepDefs.today_is(java.lang.String)&amp#27;[0m
  &amp#27;[32mWhen &amp#27;[0m&amp#27;[32mI input my name &amp#27;[0m&amp#27;[32m&amp#27;[1m"Algo"&amp#27;[0m                                                                                      &amp#27;[90m# cucumber.stepdefs.RegisterActionStepDefs.i_input_my(java.lang.String)&amp#27;[0m
  &amp#27;[32mAnd &amp#27;[0m&amp#27;[32mI input my Birthdate &amp#27;[0m&amp#27;[32m&amp#27;[1m"24/13/2010"&amp#27;[0m                                                                            &amp#27;[90m# cucumber.stepdefs.RegisterActionStepDefs.i_input_my_birthdate(java.lang.String)&amp#27;[0m
  &amp#27;[32mAnd &amp#27;[0m&amp#27;[32mI click the submit button&amp#27;[0m                                                                                    &amp#27;[90m# cucumber.stepdefs.RegisterActionStepDefs.i_click_the_submit_button()&amp#27;[0m
  &amp#27;[32mThen &amp#27;[0m&amp#27;[32mMy access request will be &amp#27;[0m&amp#27;[32m&amp#27;[1m"Denied"&amp#27;[0m                                                                          &amp#27;[90m# cucumber.stepdefs.RegisterActionStepDefs.my_acess_request_will_be(java.lang.String)&amp#27;[0m
  &amp#27;[32mAnd &amp#27;[0m&amp#27;[32mI will be shown the error message: &amp#27;[0m&amp#27;[32m&amp#27;[1m"Invalid Date. Date should be in format DD/MM/YYYY!"&amp#27;[0m                      &amp#27;[90m# cucumber.stepdefs.RegisterActionStepDefs.i_will_be_shown_the_error_message(java.lang.String)&amp#27;[0m
]]></system-out>
  </testcase>
  <testcase name="Example #1.1" classname="Examples" time="0.102">
    <system-out><![CDATA[
Scenario Outline: Underaged users cannot be allowed into the success page &amp#27;[90m# cucumber/RegisterActionAccess.feature:45&amp#27;[0m
  &amp#27;[32mGiven &amp#27;[0m&amp#27;[32mI want to access the success page&amp#27;[0m                                 &amp#27;[90m# cucumber.stepdefs.RegisterActionStepDefs.i_want_to_acess_the_success_page()&amp#27;[0m
  &amp#27;[32mAnd &amp#27;[0m&amp#27;[32mToday is &amp#27;[0m&amp#27;[32m&amp#27;[1m"29/02/2004"&amp#27;[0m                                               &amp#27;[90m# cucumber.stepdefs.RegisterActionStepDefs.today_is(java.lang.String)&amp#27;[0m
  &amp#27;[32mWhen &amp#27;[0m&amp#27;[32mI input my name &amp#27;[0m&amp#27;[32m&amp#27;[1m"Algo"&amp#27;[0m                                             &amp#27;[90m# cucumber.stepdefs.RegisterActionStepDefs.i_input_my(java.lang.String)&amp#27;[0m
  &amp#27;[32mAnd &amp#27;[0m&amp#27;[32mI input my Birthdate &amp#27;[0m&amp#27;[32m&amp#27;[1m"01/03/1986"&amp#27;[0m                                   &amp#27;[90m# cucumber.stepdefs.RegisterActionStepDefs.i_input_my_birthdate(java.lang.String)&amp#27;[0m
  &amp#27;[32mAnd &amp#27;[0m&amp#27;[32mI click the submit button&amp#27;[0m                                           &amp#27;[90m# cucumber.stepdefs.RegisterActionStepDefs.i_click_the_submit_button()&amp#27;[0m
  &amp#27;[32mThen &amp#27;[0m&amp#27;[32mMy access request will be &amp#27;[0m&amp#27;[32m&amp#27;[1m"Denied"&amp#27;[0m                                 &amp#27;[90m# cucumber.stepdefs.RegisterActionStepDefs.my_acess_request_will_be(java.lang.String)&amp#27;[0m
  &amp#27;[32mThen &amp#27;[0m&amp#27;[32mI will be shown the error message: &amp#27;[0m&amp#27;[32m&amp#27;[1m"Minors are not allowed!"&amp#27;[0m       &amp#27;[90m# cucumber.stepdefs.RegisterActionStepDefs.i_will_be_shown_the_error_message(java.lang.String)&amp#27;[0m
]]></system-out>
  </testcase>
  <testcase name="Example #1.1" classname="Examples" time="0.061">
    <system-out><![CDATA[
Scenario Outline: Legal Age users are allowed into the success page &amp#27;[90m# cucumber/RegisterActionAccess.feature:62&amp#27;[0m
  &amp#27;[32mGiven &amp#27;[0m&amp#27;[32mI want to access the success page&amp#27;[0m                           &amp#27;[90m# cucumber.stepdefs.RegisterActionStepDefs.i_want_to_acess_the_success_page()&amp#27;[0m
  &amp#27;[32mAnd &amp#27;[0m&amp#27;[32mToday is &amp#27;[0m&amp#27;[32m&amp#27;[1m"29/02/2004"&amp#27;[0m                                         &amp#27;[90m# cucumber.stepdefs.RegisterActionStepDefs.today_is(java.lang.String)&amp#27;[0m
  &amp#27;[32mWhen &amp#27;[0m&amp#27;[32mI input my name &amp#27;[0m&amp#27;[32m&amp#27;[1m"Algo"&amp#27;[0m                                       &amp#27;[90m# cucumber.stepdefs.RegisterActionStepDefs.i_input_my(java.lang.String)&amp#27;[0m
  &amp#27;[32mAnd &amp#27;[0m&amp#27;[32mI input my Birthdate &amp#27;[0m&amp#27;[32m&amp#27;[1m"28/02/1986"&amp#27;[0m                             &amp#27;[90m# cucumber.stepdefs.RegisterActionStepDefs.i_input_my_birthdate(java.lang.String)&amp#27;[0m
  &amp#27;[32mAnd &amp#27;[0m&amp#27;[32mI click the submit button&amp#27;[0m                                     &amp#27;[90m# cucumber.stepdefs.RegisterActionStepDefs.i_click_the_submit_button()&amp#27;[0m
  &amp#27;[32mThen &amp#27;[0m&amp#27;[32mMy access request will be &amp#27;[0m&amp#27;[32m&amp#27;[1m"Approved"&amp#27;[0m                         &amp#27;[90m# cucumber.stepdefs.RegisterActionStepDefs.my_acess_request_will_be(java.lang.String)&amp#27;[0m
]]></system-out>
  </testcase>
  <testcase name="Example #1.2" classname="Examples" time="0.116">
    <system-out><![CDATA[
Scenario Outline: Users with invalid dates such as 30/02/2023, 01/13/2023 cannot be allowed into the success page. &amp#27;[90m# cucumber/RegisterActionAccess.feature:30&amp#27;[0m
  &amp#27;[32mGiven &amp#27;[0m&amp#27;[32mI want to access the success page&amp#27;[0m                                                                          &amp#27;[90m# cucumber.stepdefs.RegisterActionStepDefs.i_want_to_acess_the_success_page()&amp#27;[0m
  &amp#27;[32mAnd &amp#27;[0m&amp#27;[32mToday is &amp#27;[0m&amp#27;[32m&amp#27;[1m"29/02/2004"&amp#27;[0m                                                                                        &amp#27;[90m# cucumber.stepdefs.RegisterActionStepDefs.today_is(java.lang.String)&amp#27;[0m
  &amp#27;[32mWhen &amp#27;[0m&amp#27;[32mI input my name &amp#27;[0m&amp#27;[32m&amp#27;[1m"Algo"&amp#27;[0m                                                                                      &amp#27;[90m# cucumber.stepdefs.RegisterActionStepDefs.i_input_my(java.lang.String)&amp#27;[0m
  &amp#27;[32mAnd &amp#27;[0m&amp#27;[32mI input my Birthdate &amp#27;[0m&amp#27;[32m&amp#27;[1m"29/02/2010"&amp#27;[0m                                                                            &amp#27;[90m# cucumber.stepdefs.RegisterActionStepDefs.i_input_my_birthdate(java.lang.String)&amp#27;[0m
  &amp#27;[32mAnd &amp#27;[0m&amp#27;[32mI click the submit button&amp#27;[0m                                                                                    &amp#27;[90m# cucumber.stepdefs.RegisterActionStepDefs.i_click_the_submit_button()&amp#27;[0m
  &amp#27;[32mThen &amp#27;[0m&amp#27;[32mMy access request will be &amp#27;[0m&amp#27;[32m&amp#27;[1m"Denied"&amp#27;[0m                                                                          &amp#27;[90m# cucumber.stepdefs.RegisterActionStepDefs.my_acess_request_will_be(java.lang.String)&amp#27;[0m
  &amp#27;[32mAnd &amp#27;[0m&amp#27;[32mI will be shown the error message: &amp#27;[0m&amp#27;[32m&amp#27;[1m"Invalid Date. Date should be in format DD/MM/YYYY!"&amp#27;[0m                      &amp#27;[90m# cucumber.stepdefs.RegisterActionStepDefs.i_will_be_shown_the_error_message(java.lang.String)&amp#27;[0m
]]></system-out>
  </testcase>
  <testcase name="Example #1.2" classname="Examples" time="0.099">
    <system-out><![CDATA[
Scenario Outline: Underaged users cannot be allowed into the success page &amp#27;[90m# cucumber/RegisterActionAccess.feature:46&amp#27;[0m
  &amp#27;[32mGiven &amp#27;[0m&amp#27;[32mI want to access the success page&amp#27;[0m                                 &amp#27;[90m# cucumber.stepdefs.RegisterActionStepDefs.i_want_to_acess_the_success_page()&amp#27;[0m
  &amp#27;[32mAnd &amp#27;[0m&amp#27;[32mToday is &amp#27;[0m&amp#27;[32m&amp#27;[1m"29/02/2004"&amp#27;[0m                                               &amp#27;[90m# cucumber.stepdefs.RegisterActionStepDefs.today_is(java.lang.String)&amp#27;[0m
  &amp#27;[32mWhen &amp#27;[0m&amp#27;[32mI input my name &amp#27;[0m&amp#27;[32m&amp#27;[1m"Algo"&amp#27;[0m                                             &amp#27;[90m# cucumber.stepdefs.RegisterActionStepDefs.i_input_my(java.lang.String)&amp#27;[0m
  &amp#27;[32mAnd &amp#27;[0m&amp#27;[32mI input my Birthdate &amp#27;[0m&amp#27;[32m&amp#27;[1m"02/03/1986"&amp#27;[0m                                   &amp#27;[90m# cucumber.stepdefs.RegisterActionStepDefs.i_input_my_birthdate(java.lang.String)&amp#27;[0m
  &amp#27;[32mAnd &amp#27;[0m&amp#27;[32mI click the submit button&amp#27;[0m                                           &amp#27;[90m# cucumber.stepdefs.RegisterActionStepDefs.i_click_the_submit_button()&amp#27;[0m
  &amp#27;[32mThen &amp#27;[0m&amp#27;[32mMy access request will be &amp#27;[0m&amp#27;[32m&amp#27;[1m"Denied"&amp#27;[0m                                 &amp#27;[90m# cucumber.stepdefs.RegisterActionStepDefs.my_acess_request_will_be(java.lang.String)&amp#27;[0m
  &amp#27;[32mThen &amp#27;[0m&amp#27;[32mI will be shown the error message: &amp#27;[0m&amp#27;[32m&amp#27;[1m"Minors are not allowed!"&amp#27;[0m       &amp#27;[90m# cucumber.stepdefs.RegisterActionStepDefs.i_will_be_shown_the_error_message(java.lang.String)&amp#27;[0m
]]></system-out>
  </testcase>
  <testcase name="Example #1.2" classname="Examples" time="0.064">
    <system-out><![CDATA[
Scenario Outline: Legal Age users are allowed into the success page &amp#27;[90m# cucumber/RegisterActionAccess.feature:63&amp#27;[0m
  &amp#27;[32mGiven &amp#27;[0m&amp#27;[32mI want to access the success page&amp#27;[0m                           &amp#27;[90m# cucumber.stepdefs.RegisterActionStepDefs.i_want_to_acess_the_success_page()&amp#27;[0m
  &amp#27;[32mAnd &amp#27;[0m&amp#27;[32mToday is &amp#27;[0m&amp#27;[32m&amp#27;[1m"29/02/2004"&amp#27;[0m                                         &amp#27;[90m# cucumber.stepdefs.RegisterActionStepDefs.today_is(java.lang.String)&amp#27;[0m
  &amp#27;[32mWhen &amp#27;[0m&amp#27;[32mI input my name &amp#27;[0m&amp#27;[32m&amp#27;[1m"Algo"&amp#27;[0m                                       &amp#27;[90m# cucumber.stepdefs.RegisterActionStepDefs.i_input_my(java.lang.String)&amp#27;[0m
  &amp#27;[32mAnd &amp#27;[0m&amp#27;[32mI input my Birthdate &amp#27;[0m&amp#27;[32m&amp#27;[1m"02/03/1900"&amp#27;[0m                             &amp#27;[90m# cucumber.stepdefs.RegisterActionStepDefs.i_input_my_birthdate(java.lang.String)&amp#27;[0m
  &amp#27;[32mAnd &amp#27;[0m&amp#27;[32mI click the submit button&amp#27;[0m                                     &amp#27;[90m# cucumber.stepdefs.RegisterActionStepDefs.i_click_the_submit_button()&amp#27;[0m
  &amp#27;[32mThen &amp#27;[0m&amp#27;[32mMy access request will be &amp#27;[0m&amp#27;[32m&amp#27;[1m"Approved"&amp#27;[0m                         &amp#27;[90m# cucumber.stepdefs.RegisterActionStepDefs.my_acess_request_will_be(java.lang.String)&amp#27;[0m
]]></system-out>
  </testcase>
  <testcase name="Example #1.3" classname="Examples" time="0.116">
    <system-out><![CDATA[
Scenario Outline: Users with invalid dates such as 30/02/2023, 01/13/2023 cannot be allowed into the success page. &amp#27;[90m# cucumber/RegisterActionAccess.feature:31&amp#27;[0m
  &amp#27;[32mGiven &amp#27;[0m&amp#27;[32mI want to access the success page&amp#27;[0m                                                                          &amp#27;[90m# cucumber.stepdefs.RegisterActionStepDefs.i_want_to_acess_the_success_page()&amp#27;[0m
  &amp#27;[32mAnd &amp#27;[0m&amp#27;[32mToday is &amp#27;[0m&amp#27;[32m&amp#27;[1m"29/02/2004"&amp#27;[0m                                                                                        &amp#27;[90m# cucumber.stepdefs.RegisterActionStepDefs.today_is(java.lang.String)&amp#27;[0m
  &amp#27;[32mWhen &amp#27;[0m&amp#27;[32mI input my name &amp#27;[0m&amp#27;[32m&amp#27;[1m"Algo"&amp#27;[0m                                                                                      &amp#27;[90m# cucumber.stepdefs.RegisterActionStepDefs.i_input_my(java.lang.String)&amp#27;[0m
  &amp#27;[32mAnd &amp#27;[0m&amp#27;[32mI input my Birthdate &amp#27;[0m&amp#27;[32m&amp#27;[1m""&amp#27;[0m                                                                                      &amp#27;[90m# cucumber.stepdefs.RegisterActionStepDefs.i_input_my_birthdate(java.lang.String)&amp#27;[0m
  &amp#27;[32mAnd &amp#27;[0m&amp#27;[32mI click the submit button&amp#27;[0m                                                                                    &amp#27;[90m# cucumber.stepdefs.RegisterActionStepDefs.i_click_the_submit_button()&amp#27;[0m
  &amp#27;[32mThen &amp#27;[0m&amp#27;[32mMy access request will be &amp#27;[0m&amp#27;[32m&amp#27;[1m"Denied"&amp#27;[0m                                                                          &amp#27;[90m# cucumber.stepdefs.RegisterActionStepDefs.my_acess_request_will_be(java.lang.String)&amp#27;[0m
  &amp#27;[32mAnd &amp#27;[0m&amp#27;[32mI will be shown the error message: &amp#27;[0m&amp#27;[32m&amp#27;[1m"Invalid Date. Date should be in format DD/MM/YYYY!"&amp#27;[0m                      &amp#27;[90m# cucumber.stepdefs.RegisterActionStepDefs.i_will_be_shown_the_error_message(java.lang.String)&amp#27;[0m
]]></system-out>
  </testcase>
  <testcase name="Example #1.3" classname="Examples" time="0.137">
    <system-out><![CDATA[
Scenario Outline: Underaged users cannot be allowed into the success page &amp#27;[90m# cucumber/RegisterActionAccess.feature:47&amp#27;[0m
  &amp#27;[32mGiven &amp#27;[0m&amp#27;[32mI want to access the success page&amp#27;[0m                                 &amp#27;[90m# cucumber.stepdefs.RegisterActionStepDefs.i_want_to_acess_the_success_page()&amp#27;[0m
  &amp#27;[32mAnd &amp#27;[0m&amp#27;[32mToday is &amp#27;[0m&amp#27;[32m&amp#27;[1m"29/02/2004"&amp#27;[0m                                               &amp#27;[90m# cucumber.stepdefs.RegisterActionStepDefs.today_is(java.lang.String)&amp#27;[0m
  &amp#27;[32mWhen &amp#27;[0m&amp#27;[32mI input my name &amp#27;[0m&amp#27;[32m&amp#27;[1m"Algo"&amp#27;[0m                                             &amp#27;[90m# cucumber.stepdefs.RegisterActionStepDefs.i_input_my(java.lang.String)&amp#27;[0m
  &amp#27;[32mAnd &amp#27;[0m&amp#27;[32mI input my Birthdate &amp#27;[0m&amp#27;[32m&amp#27;[1m"24/05/5100"&amp#27;[0m                                   &amp#27;[90m# cucumber.stepdefs.RegisterActionStepDefs.i_input_my_birthdate(java.lang.String)&amp#27;[0m
  &amp#27;[32mAnd &amp#27;[0m&amp#27;[32mI click the submit button&amp#27;[0m                                           &amp#27;[90m# cucumber.stepdefs.RegisterActionStepDefs.i_click_the_submit_button()&amp#27;[0m
  &amp#27;[32mThen &amp#27;[0m&amp#27;[32mMy access request will be &amp#27;[0m&amp#27;[32m&amp#27;[1m"Denied"&amp#27;[0m                                 &amp#27;[90m# cucumber.stepdefs.RegisterActionStepDefs.my_acess_request_will_be(java.lang.String)&amp#27;[0m
  &amp#27;[32mThen &amp#27;[0m&amp#27;[32mI will be shown the error message: &amp#27;[0m&amp#27;[32m&amp#27;[1m"Minors are not allowed!"&amp#27;[0m       &amp#27;[90m# cucumber.stepdefs.RegisterActionStepDefs.i_will_be_shown_the_error_message(java.lang.String)&amp#27;[0m
]]></system-out>
  </testcase>
  <testcase name="Example #1.3" classname="Examples" time="0.065">
    <system-out><![CDATA[
Scenario Outline: Legal Age users are allowed into the success page &amp#27;[90m# cucumber/RegisterActionAccess.feature:64&amp#27;[0m
  &amp#27;[32mGiven &amp#27;[0m&amp#27;[32mI want to access the success page&amp#27;[0m                           &amp#27;[90m# cucumber.stepdefs.RegisterActionStepDefs.i_want_to_acess_the_success_page()&amp#27;[0m
  &amp#27;[32mAnd &amp#27;[0m&amp#27;[32mToday is &amp#27;[0m&amp#27;[32m&amp#27;[1m"29/02/2004"&amp#27;[0m                                         &amp#27;[90m# cucumber.stepdefs.RegisterActionStepDefs.today_is(java.lang.String)&amp#27;[0m
  &amp#27;[32mWhen &amp#27;[0m&amp#27;[32mI input my name &amp#27;[0m&amp#27;[32m&amp#27;[1m"Algo"&amp#27;[0m                                       &amp#27;[90m# cucumber.stepdefs.RegisterActionStepDefs.i_input_my(java.lang.String)&amp#27;[0m
  &amp#27;[32mAnd &amp#27;[0m&amp#27;[32mI input my Birthdate &amp#27;[0m&amp#27;[32m&amp#27;[1m"01/01/1900"&amp#27;[0m                             &amp#27;[90m# cucumber.stepdefs.RegisterActionStepDefs.i_input_my_birthdate(java.lang.String)&amp#27;[0m
  &amp#27;[32mAnd &amp#27;[0m&amp#27;[32mI click the submit button&amp#27;[0m                                     &amp#27;[90m# cucumber.stepdefs.RegisterActionStepDefs.i_click_the_submit_button()&amp#27;[0m
  &amp#27;[32mThen &amp#27;[0m&amp#27;[32mMy access request will be &amp#27;[0m&amp#27;[32m&amp#27;[1m"Approved"&amp#27;[0m                         &amp#27;[90m# cucumber.stepdefs.RegisterActionStepDefs.my_acess_request_will_be(java.lang.String)&amp#27;[0m
]]></system-out>
  </testcase>
  <testcase name="Example #1.4" classname="Examples" time="0.105">
    <system-out><![CDATA[
Scenario Outline: Users with invalid dates such as 30/02/2023, 01/13/2023 cannot be allowed into the success page. &amp#27;[90m# cucumber/RegisterActionAccess.feature:32&amp#27;[0m
  &amp#27;[32mGiven &amp#27;[0m&amp#27;[32mI want to access the success page&amp#27;[0m                                                                          &amp#27;[90m# cucumber.stepdefs.RegisterActionStepDefs.i_want_to_acess_the_success_page()&amp#27;[0m
  &amp#27;[32mAnd &amp#27;[0m&amp#27;[32mToday is &amp#27;[0m&amp#27;[32m&amp#27;[1m"29/02/2004"&amp#27;[0m                                                                                        &amp#27;[90m# cucumber.stepdefs.RegisterActionStepDefs.today_is(java.lang.String)&amp#27;[0m
  &amp#27;[32mWhen &amp#27;[0m&amp#27;[32mI input my name &amp#27;[0m&amp#27;[32m&amp#27;[1m"Algo"&amp#27;[0m                                                                                      &amp#27;[90m# cucumber.stepdefs.RegisterActionStepDefs.i_input_my(java.lang.String)&amp#27;[0m
  &amp#27;[32mAnd &amp#27;[0m&amp#27;[32mI input my Birthdate &amp#27;[0m&amp#27;[32m&amp#27;[1m"abcde"&amp#27;[0m                                                                                 &amp#27;[90m# cucumber.stepdefs.RegisterActionStepDefs.i_input_my_birthdate(java.lang.String)&amp#27;[0m
  &amp#27;[32mAnd &amp#27;[0m&amp#27;[32mI click the submit button&amp#27;[0m                                                                                    &amp#27;[90m# cucumber.stepdefs.RegisterActionStepDefs.i_click_the_submit_button()&amp#27;[0m
  &amp#27;[32mThen &amp#27;[0m&amp#27;[32mMy access request will be &amp#27;[0m&amp#27;[32m&amp#27;[1m"Denied"&amp#27;[0m                                                                          &amp#27;[90m# cucumber.stepdefs.RegisterActionStepDefs.my_acess_request_will_be(java.lang.String)&amp#27;[0m
  &amp#27;[32mAnd &amp#27;[0m&amp#27;[32mI will be shown the error message: &amp#27;[0m&amp#27;[32m&amp#27;[1m"Invalid Date. Date should be in format DD/MM/YYYY!"&amp#27;[0m                      &amp#27;[90m# cucumber.stepdefs.RegisterActionStepDefs.i_will_be_shown_the_error_message(java.lang.String)&amp#27;[0m
]]></system-out>
  </testcase>
</testsuite>